

============================== 2023-01-23 12:09:49.543107 | 6d07262a-ac20-449b-af30-984b1bf07704 ==============================
[0m12:09:49.543107 [info ] [MainThread]: Running with dbt=1.3.2
[0m12:09:49.543107 [debug] [MainThread]: running dbt with arguments {'write_json': True, 'use_colors': True, 'printer_width': 80, 'version_check': True, 'partial_parse': True, 'static_parser': True, 'profiles_dir': 'C:\\Users\\Samy\\.dbt', 'send_anonymous_usage_stats': True, 'event_buffer_size': 100000, 'quiet': False, 'no_print': False, 'cache_selected_only': False, 'project_name': 'analytics', 'skip_profile_setup': False, 'which': 'init', 'indirect_selection': 'eager'}
[0m12:09:49.543107 [debug] [MainThread]: Tracking: tracking
[0m12:09:49.544095 [debug] [MainThread]: Sending event: {'category': 'dbt', 'action': 'invocation', 'label': 'start', 'context': [<snowplow_tracker.self_describing_json.SelfDescribingJson object at 0x0000026B2D329700>, <snowplow_tracker.self_describing_json.SelfDescribingJson object at 0x0000026B2D3298E0>, <snowplow_tracker.self_describing_json.SelfDescribingJson object at 0x0000026B2D3297C0>]}
[0m12:09:49.544095 [info ] [MainThread]: Creating dbt configuration folder at C:\Users\Samy\.dbt
[0m12:09:49.546483 [info ] [MainThread]: A project called analytics already exists here.
[0m12:09:49.547518 [debug] [MainThread]: Sending event: {'category': 'dbt', 'action': 'invocation', 'label': 'end', 'context': [<snowplow_tracker.self_describing_json.SelfDescribingJson object at 0x0000026B2D3292E0>, <snowplow_tracker.self_describing_json.SelfDescribingJson object at 0x0000026B2D329C40>, <snowplow_tracker.self_describing_json.SelfDescribingJson object at 0x0000026B2D329A60>]}
[0m12:09:49.547518 [debug] [MainThread]: Flushing usage events


============================== 2023-01-25 18:52:20.494331 | f316d0cc-17b8-460b-b731-35c84d3958b1 ==============================
[0m18:52:20.494331 [info ] [MainThread]: Running with dbt=1.3.2
[0m18:52:20.494964 [debug] [MainThread]: running dbt with arguments {'write_json': True, 'use_colors': True, 'printer_width': 80, 'version_check': True, 'partial_parse': True, 'static_parser': True, 'profiles_dir': 'C:\\Users\\Samy\\.dbt', 'send_anonymous_usage_stats': True, 'event_buffer_size': 100000, 'quiet': False, 'no_print': False, 'cache_selected_only': False, 'project_name': 'analytics', 'skip_profile_setup': False, 'which': 'init', 'indirect_selection': 'eager'}
[0m18:52:20.494964 [debug] [MainThread]: Tracking: tracking
[0m18:52:20.494964 [debug] [MainThread]: Sending event: {'category': 'dbt', 'action': 'invocation', 'label': 'start', 'context': [<snowplow_tracker.self_describing_json.SelfDescribingJson object at 0x00000272DBCD8CA0>, <snowplow_tracker.self_describing_json.SelfDescribingJson object at 0x00000272DBCD8D30>, <snowplow_tracker.self_describing_json.SelfDescribingJson object at 0x00000272DBCD8D60>]}
[0m18:52:20.497157 [info ] [MainThread]: A project called analytics already exists here.
[0m18:52:20.498183 [debug] [MainThread]: Sending event: {'category': 'dbt', 'action': 'invocation', 'label': 'end', 'context': [<snowplow_tracker.self_describing_json.SelfDescribingJson object at 0x00000272DBCD8DF0>, <snowplow_tracker.self_describing_json.SelfDescribingJson object at 0x00000272DBCD8E80>, <snowplow_tracker.self_describing_json.SelfDescribingJson object at 0x00000272DBCD8EB0>]}
[0m18:52:20.498183 [debug] [MainThread]: Flushing usage events


============================== 2023-01-25 21:32:18.132200 | 18f3563c-b9c3-4d1d-8d28-a0a225d4554c ==============================
[0m21:32:18.132200 [info ] [MainThread]: Running with dbt=1.3.2
[0m21:32:18.136691 [debug] [MainThread]: running dbt with arguments {'write_json': True, 'use_colors': True, 'printer_width': 80, 'version_check': True, 'partial_parse': True, 'static_parser': True, 'profiles_dir': 'C:\\Users\\Samy\\.dbt', 'send_anonymous_usage_stats': True, 'event_buffer_size': 100000, 'quiet': False, 'no_print': False, 'cache_selected_only': False, 'project_name': 'analytics', 'skip_profile_setup': False, 'which': 'init', 'indirect_selection': 'eager'}
[0m21:32:18.136691 [debug] [MainThread]: Tracking: tracking
[0m21:32:18.136691 [debug] [MainThread]: Sending event: {'category': 'dbt', 'action': 'invocation', 'label': 'start', 'context': [<snowplow_tracker.self_describing_json.SelfDescribingJson object at 0x00000178791DB9A0>, <snowplow_tracker.self_describing_json.SelfDescribingJson object at 0x00000178791DB3D0>, <snowplow_tracker.self_describing_json.SelfDescribingJson object at 0x00000178791EA550>]}
[0m21:32:18.138719 [info ] [MainThread]: A project called analytics already exists here.
[0m21:32:18.139898 [debug] [MainThread]: Sending event: {'category': 'dbt', 'action': 'invocation', 'label': 'end', 'context': [<snowplow_tracker.self_describing_json.SelfDescribingJson object at 0x00000178791DB4C0>, <snowplow_tracker.self_describing_json.SelfDescribingJson object at 0x00000178791EA700>, <snowplow_tracker.self_describing_json.SelfDescribingJson object at 0x00000178791EA730>]}
[0m21:32:18.139898 [debug] [MainThread]: Flushing usage events


============================== 2023-01-25 21:32:42.901223 | 2814c363-8489-403f-bfc6-74b3c752447b ==============================
[0m21:32:42.901223 [info ] [MainThread]: Running with dbt=1.3.2
[0m21:32:42.905291 [debug] [MainThread]: running dbt with arguments {'write_json': True, 'use_colors': True, 'printer_width': 80, 'version_check': True, 'partial_parse': True, 'static_parser': True, 'profiles_dir': 'C:\\Users\\Samy\\.dbt', 'send_anonymous_usage_stats': True, 'event_buffer_size': 100000, 'quiet': False, 'no_print': False, 'cache_selected_only': False, 'project_name': 'analytics', 'skip_profile_setup': False, 'which': 'init', 'indirect_selection': 'eager'}
[0m21:32:42.905291 [debug] [MainThread]: Tracking: tracking
[0m21:32:42.905291 [debug] [MainThread]: Sending event: {'category': 'dbt', 'action': 'invocation', 'label': 'start', 'context': [<snowplow_tracker.self_describing_json.SelfDescribingJson object at 0x000001604F7A1190>, <snowplow_tracker.self_describing_json.SelfDescribingJson object at 0x000001604F7B4400>, <snowplow_tracker.self_describing_json.SelfDescribingJson object at 0x000001604F7B4430>]}
[0m21:32:42.907501 [debug] [MainThread]: Starter project path: C:\Users\Samy\AppData\Local\pypoetry\Cache\virtualenvs\analytics-8xQQisHd-py3.8\lib\site-packages\dbt\include\starter_project
[0m10:21:39.726876 [info ] [MainThread]: Profile analytics written to C:\Users\Samy\.dbt\profiles.yml using target's profile_template.yml and your supplied values. Run 'dbt debug' to validate the connection.
[0m10:21:39.742530 [info ] [MainThread]: 
Your new dbt project "analytics" was created!

For more information on how to configure the profiles.yml file,
please consult the dbt documentation here:

  https://docs.getdbt.com/docs/configure-your-profile

One more thing:

Need help? Don't hesitate to reach out to us via GitHub issues or on Slack:

  https://community.getdbt.com/

Happy modeling!

[0m10:21:39.749684 [debug] [MainThread]: Sending event: {'category': 'dbt', 'action': 'invocation', 'label': 'end', 'context': [<snowplow_tracker.self_describing_json.SelfDescribingJson object at 0x000001604F7B4670>, <snowplow_tracker.self_describing_json.SelfDescribingJson object at 0x000001604F7B4400>, <snowplow_tracker.self_describing_json.SelfDescribingJson object at 0x000001604F7B4910>]}
[0m10:21:39.752677 [debug] [MainThread]: Flushing usage events


============================== 2023-01-26 10:36:04.628583 | 3502f4fa-7a1a-4b76-926f-e97728554bdb ==============================
[0m10:36:04.628583 [info ] [MainThread]: Running with dbt=1.3.2
[0m10:36:04.629747 [debug] [MainThread]: running dbt with arguments {'write_json': True, 'use_colors': True, 'printer_width': 80, 'version_check': True, 'partial_parse': True, 'static_parser': True, 'profiles_dir': 'C:\\Users\\Samy\\.dbt', 'send_anonymous_usage_stats': True, 'event_buffer_size': 100000, 'quiet': False, 'no_print': False, 'cache_selected_only': False, 'project_dir': 'C:\\Users\\Samy\\PyCharm\\dbt-gcp\\analytics', 'config_dir': False, 'which': 'debug', 'indirect_selection': 'eager'}
[0m10:36:04.629747 [debug] [MainThread]: Tracking: tracking
[0m10:36:04.629747 [debug] [MainThread]: Sending event: {'category': 'dbt', 'action': 'invocation', 'label': 'start', 'context': [<snowplow_tracker.self_describing_json.SelfDescribingJson object at 0x000001D3FC97EFD0>, <snowplow_tracker.self_describing_json.SelfDescribingJson object at 0x000001D3FC97EFA0>, <snowplow_tracker.self_describing_json.SelfDescribingJson object at 0x000001D3FC9AA5B0>]}
[0m10:36:05.051177 [debug] [MainThread]: Executing "git --help"
[0m10:36:05.051177 [debug] [MainThread]: Acquiring new bigquery connection "debug"
[0m10:36:05.051177 [debug] [MainThread]: Opening a new connection, currently in state init
[0m10:36:05.066833 [debug] [MainThread]: On debug: select 1 as id
[0m10:36:08.115767 [debug] [MainThread]: BigQuery adapter: https://console.cloud.google.com/bigquery?project=gcp-demo-373915&j=bq:b08a12f4-82cd-4a96-ac8d-16c93b7084f4:EU&page=queryresults
[0m10:36:08.115767 [debug] [MainThread]: Sending event: {'category': 'dbt', 'action': 'invocation', 'label': 'end', 'context': [<snowplow_tracker.self_describing_json.SelfDescribingJson object at 0x000001D3FC9AA760>, <snowplow_tracker.self_describing_json.SelfDescribingJson object at 0x000001D3FD602EB0>, <snowplow_tracker.self_describing_json.SelfDescribingJson object at 0x000001D3FD6029D0>]}
[0m10:36:08.115767 [debug] [MainThread]: Flushing usage events
[0m10:36:08.547187 [debug] [MainThread]: Connection 'debug' was properly closed.


============================== 2023-01-26 10:48:11.989775 | b7f535c5-a996-450e-9373-d56f4504af98 ==============================
[0m10:48:11.989775 [info ] [MainThread]: Running with dbt=1.3.2
[0m10:48:11.989775 [debug] [MainThread]: running dbt with arguments {'write_json': True, 'use_colors': True, 'printer_width': 80, 'version_check': True, 'partial_parse': True, 'static_parser': True, 'profiles_dir': 'C:\\Users\\Samy\\.dbt', 'send_anonymous_usage_stats': True, 'event_buffer_size': 100000, 'quiet': False, 'no_print': False, 'cache_selected_only': False, 'project_dir': 'C:\\Users\\Samy\\PyCharm\\dbt-gcp\\analytics', 'config_dir': False, 'which': 'debug', 'indirect_selection': 'eager'}
[0m10:48:11.989775 [debug] [MainThread]: Tracking: tracking
[0m10:48:11.989775 [debug] [MainThread]: Sending event: {'category': 'dbt', 'action': 'invocation', 'label': 'start', 'context': [<snowplow_tracker.self_describing_json.SelfDescribingJson object at 0x00000226CB7920D0>, <snowplow_tracker.self_describing_json.SelfDescribingJson object at 0x00000226CB77FFA0>, <snowplow_tracker.self_describing_json.SelfDescribingJson object at 0x00000226CB7A54C0>]}
[0m10:48:12.406786 [debug] [MainThread]: Executing "git --help"
[0m10:48:12.422409 [debug] [MainThread]: Acquiring new bigquery connection "debug"
[0m10:48:12.422409 [debug] [MainThread]: Opening a new connection, currently in state init
[0m10:48:12.422409 [debug] [MainThread]: On debug: select 1 as id
[0m10:48:13.511271 [debug] [MainThread]: BigQuery adapter: https://console.cloud.google.com/bigquery?project=gcp-demo-373915&j=bq:8c74bcfa-32e2-41e0-bc52-1cc9f0777d5e:EU&page=queryresults
[0m10:48:13.526434 [debug] [MainThread]: Sending event: {'category': 'dbt', 'action': 'invocation', 'label': 'end', 'context': [<snowplow_tracker.self_describing_json.SelfDescribingJson object at 0x00000226CB7A57C0>, <snowplow_tracker.self_describing_json.SelfDescribingJson object at 0x00000226CC3ECF40>, <snowplow_tracker.self_describing_json.SelfDescribingJson object at 0x00000226CC3ECE20>]}
[0m10:48:13.526434 [debug] [MainThread]: Flushing usage events
[0m10:48:14.002668 [debug] [MainThread]: Connection 'debug' was properly closed.


============================== 2023-01-26 10:48:56.220208 | 21f1372d-413e-48ea-8a36-60969af51208 ==============================
[0m10:48:56.220208 [info ] [MainThread]: Running with dbt=1.3.2
[0m10:48:56.220208 [debug] [MainThread]: running dbt with arguments {'write_json': True, 'use_colors': True, 'printer_width': 80, 'version_check': True, 'partial_parse': True, 'static_parser': True, 'profiles_dir': 'C:\\Users\\Samy\\.dbt', 'send_anonymous_usage_stats': True, 'event_buffer_size': 100000, 'quiet': False, 'no_print': False, 'cache_selected_only': False, 'project_dir': 'C:\\Users\\Samy\\PyCharm\\dbt-gcp\\analytics', 'config_dir': False, 'which': 'debug', 'indirect_selection': 'eager'}
[0m10:48:56.220208 [debug] [MainThread]: Tracking: tracking
[0m10:48:56.220208 [debug] [MainThread]: Sending event: {'category': 'dbt', 'action': 'invocation', 'label': 'start', 'context': [<snowplow_tracker.self_describing_json.SelfDescribingJson object at 0x0000025E16590250>, <snowplow_tracker.self_describing_json.SelfDescribingJson object at 0x0000025E16590130>, <snowplow_tracker.self_describing_json.SelfDescribingJson object at 0x0000025E165A43D0>]}
[0m10:48:56.599643 [debug] [MainThread]: Executing "git --help"
[0m10:48:56.646483 [debug] [MainThread]: STDOUT: "b"usage: git [-v | --version] [-h | --help] [-C <path>] [-c <name>=<value>]\n           [--exec-path[=<path>]] [--html-path] [--man-path] [--info-path]\n           [-p | --paginate | -P | --no-pager] [--no-replace-objects] [--bare]\n           [--git-dir=<path>] [--work-tree=<path>] [--namespace=<name>]\n           [--super-prefix=<path>] [--config-env=<name>=<envvar>]\n           <command> [<args>]\n\nThese are common Git commands used in various situations:\n\nstart a working area (see also: git help tutorial)\n   clone     Clone a repository into a new directory\n   init      Create an empty Git repository or reinitialize an existing one\n\nwork on the current change (see also: git help everyday)\n   add       Add file contents to the index\n   mv        Move or rename a file, a directory, or a symlink\n   restore   Restore working tree files\n   rm        Remove files from the working tree and from the index\n\nexamine the history and state (see also: git help revisions)\n   bisect    Use binary search to find the commit that introduced a bug\n   diff      Show changes between commits, commit and working tree, etc\n   grep      Print lines matching a pattern\n   log       Show commit logs\n   show      Show various types of objects\n   status    Show the working tree status\n\ngrow, mark and tweak your common history\n   branch    List, create, or delete branches\n   commit    Record changes to the repository\n   merge     Join two or more development histories together\n   rebase    Reapply commits on top of another base tip\n   reset     Reset current HEAD to the specified state\n   switch    Switch branches\n   tag       Create, list, delete or verify a tag object signed with GPG\n\ncollaborate (see also: git help workflows)\n   fetch     Download objects and refs from another repository\n   pull      Fetch from and integrate with another repository or a local branch\n   push      Update remote refs along with associated objects\n\n'git help -a' and 'git help -g' list available subcommands and some\nconcept guides. See 'git help <command>' or 'git help <concept>'\nto read about a specific subcommand or concept.\nSee 'git help git' for an overview of the system.\n""
[0m10:48:56.646483 [debug] [MainThread]: STDERR: "b''"
[0m10:48:56.646483 [debug] [MainThread]: Acquiring new bigquery connection "debug"
[0m10:48:56.646483 [debug] [MainThread]: Opening a new connection, currently in state init
[0m10:48:56.646483 [debug] [MainThread]: On debug: select 1 as id
[0m10:48:57.566818 [debug] [MainThread]: BigQuery adapter: https://console.cloud.google.com/bigquery?project=gcp-demo-373915&j=bq:449615b9-b330-4d36-9d2b-d06a373bca14:EU&page=queryresults
[0m10:48:57.572825 [debug] [MainThread]: Sending event: {'category': 'dbt', 'action': 'invocation', 'label': 'end', 'context': [<snowplow_tracker.self_describing_json.SelfDescribingJson object at 0x0000025E16590250>, <snowplow_tracker.self_describing_json.SelfDescribingJson object at 0x0000025E171E0310>, <snowplow_tracker.self_describing_json.SelfDescribingJson object at 0x0000025E171E0250>]}
[0m10:48:57.572825 [debug] [MainThread]: Flushing usage events
[0m10:48:57.991784 [debug] [MainThread]: Connection 'debug' was properly closed.


============================== 2023-01-26 12:58:43.792458 | 7f246cc0-a888-407c-9717-1b054ad85359 ==============================
[0m12:58:43.792458 [info ] [MainThread]: Running with dbt=1.3.2
[0m12:58:43.793511 [debug] [MainThread]: running dbt with arguments {'write_json': True, 'use_colors': True, 'printer_width': 80, 'version_check': True, 'partial_parse': True, 'static_parser': True, 'profiles_dir': 'C:\\Users\\Samy\\.dbt', 'send_anonymous_usage_stats': True, 'event_buffer_size': 100000, 'quiet': False, 'no_print': False, 'cache_selected_only': False, 'project_dir': 'C:\\Users\\Samy\\PyCharm\\dbt-gcp\\analytics', 'config_dir': False, 'which': 'debug', 'indirect_selection': 'eager'}
[0m12:58:43.793511 [debug] [MainThread]: Tracking: tracking
[0m12:58:43.794553 [debug] [MainThread]: Sending event: {'category': 'dbt', 'action': 'invocation', 'label': 'start', 'context': [<snowplow_tracker.self_describing_json.SelfDescribingJson object at 0x000002658940E790>, <snowplow_tracker.self_describing_json.SelfDescribingJson object at 0x000002658940E970>, <snowplow_tracker.self_describing_json.SelfDescribingJson object at 0x000002658940E850>]}
[0m12:58:44.789775 [debug] [MainThread]: Executing "git --help"
[0m12:58:44.799869 [debug] [MainThread]: Acquiring new bigquery connection "debug"
[0m12:58:44.799869 [debug] [MainThread]: Opening a new connection, currently in state init
[0m12:58:44.813835 [debug] [MainThread]: On debug: select 1 as id
[0m12:58:45.929067 [debug] [MainThread]: BigQuery adapter: https://console.cloud.google.com/bigquery?project=gcp-demo-373915&j=bq:1822e578-dc10-4686-bc2c-5dc126d0ec6a:EU&page=queryresults
[0m12:58:45.931588 [debug] [MainThread]: Sending event: {'category': 'dbt', 'action': 'invocation', 'label': 'end', 'context': [<snowplow_tracker.self_describing_json.SelfDescribingJson object at 0x000002658A0A7A90>, <snowplow_tracker.self_describing_json.SelfDescribingJson object at 0x000002658A0AE8E0>, <snowplow_tracker.self_describing_json.SelfDescribingJson object at 0x000002658A0AEFA0>]}
[0m12:58:45.931588 [debug] [MainThread]: Flushing usage events
[0m12:58:46.957492 [debug] [MainThread]: Connection 'debug' was properly closed.


============================== 2023-01-26 13:00:14.285936 | 0a5eaf2c-7bf6-4959-ac8b-f8eda29ac656 ==============================
[0m13:00:14.285936 [info ] [MainThread]: Running with dbt=1.3.2
[0m13:00:14.287318 [debug] [MainThread]: running dbt with arguments {'write_json': True, 'use_colors': True, 'printer_width': 80, 'version_check': True, 'partial_parse': True, 'static_parser': True, 'profiles_dir': 'C:\\Users\\Samy\\.dbt', 'send_anonymous_usage_stats': True, 'event_buffer_size': 100000, 'quiet': False, 'no_print': False, 'cache_selected_only': False, 'project_dir': 'C:\\Users\\Samy\\PyCharm\\dbt-gcp\\analytics', 'config_dir': False, 'which': 'debug', 'indirect_selection': 'eager'}
[0m13:00:14.287318 [debug] [MainThread]: Tracking: tracking
[0m13:00:14.287318 [debug] [MainThread]: Sending event: {'category': 'dbt', 'action': 'invocation', 'label': 'start', 'context': [<snowplow_tracker.self_describing_json.SelfDescribingJson object at 0x000001F5D56EE880>, <snowplow_tracker.self_describing_json.SelfDescribingJson object at 0x000001F5D56EE910>, <snowplow_tracker.self_describing_json.SelfDescribingJson object at 0x000001F5D56EE940>]}
[0m13:00:14.719532 [debug] [MainThread]: Executing "git --help"
[0m13:00:14.728507 [debug] [MainThread]: Acquiring new bigquery connection "debug"
[0m13:00:14.728507 [debug] [MainThread]: Opening a new connection, currently in state init
[0m13:00:14.730501 [debug] [MainThread]: On debug: select 1 as id
[0m13:00:15.641119 [debug] [MainThread]: BigQuery adapter: https://console.cloud.google.com/bigquery?project=gcp-demo-373915&j=bq:76da74fe-2071-49ee-9f4c-6ff85a453a03:EU&page=queryresults
[0m13:00:15.645672 [debug] [MainThread]: Sending event: {'category': 'dbt', 'action': 'invocation', 'label': 'end', 'context': [<snowplow_tracker.self_describing_json.SelfDescribingJson object at 0x000001F5D181CC10>, <snowplow_tracker.self_describing_json.SelfDescribingJson object at 0x000001F5D63B2EE0>, <snowplow_tracker.self_describing_json.SelfDescribingJson object at 0x000001F5D63B2A30>]}
[0m13:00:15.646721 [debug] [MainThread]: Flushing usage events
[0m13:00:16.717113 [debug] [MainThread]: Connection 'debug' was properly closed.


============================== 2023-01-26 13:01:43.899258 | cb04deda-2ed9-4121-9e77-08e05e099f8d ==============================
[0m13:01:43.899258 [info ] [MainThread]: Running with dbt=1.3.2
[0m13:01:43.899258 [debug] [MainThread]: running dbt with arguments {'write_json': True, 'use_colors': True, 'printer_width': 80, 'version_check': True, 'partial_parse': True, 'static_parser': True, 'profiles_dir': 'C:\\Users\\Samy\\.dbt', 'send_anonymous_usage_stats': True, 'event_buffer_size': 100000, 'quiet': False, 'no_print': False, 'cache_selected_only': False, 'project_dir': 'C:\\Users\\Samy\\PyCharm\\dbt-gcp\\analytics', 'config_dir': False, 'which': 'debug', 'indirect_selection': 'eager'}
[0m13:01:43.900257 [debug] [MainThread]: Tracking: tracking
[0m13:01:43.900257 [debug] [MainThread]: Sending event: {'category': 'dbt', 'action': 'invocation', 'label': 'start', 'context': [<snowplow_tracker.self_describing_json.SelfDescribingJson object at 0x0000022B36ABE310>, <snowplow_tracker.self_describing_json.SelfDescribingJson object at 0x0000022B36ABE730>, <snowplow_tracker.self_describing_json.SelfDescribingJson object at 0x0000022B36ABE8B0>]}
[0m13:01:44.333487 [debug] [MainThread]: Executing "git --help"
[0m13:01:44.343473 [debug] [MainThread]: Acquiring new bigquery connection "debug"
[0m13:01:44.343473 [debug] [MainThread]: Opening a new connection, currently in state init
[0m13:01:44.344458 [debug] [MainThread]: On debug: select 1 as id
[0m13:01:45.303668 [debug] [MainThread]: BigQuery adapter: https://console.cloud.google.com/bigquery?project=gcp-demo-373915&j=bq:39aa1407-a5cb-465c-af8a-2ff529c336b5:EU&page=queryresults
[0m13:01:45.309110 [debug] [MainThread]: Sending event: {'category': 'dbt', 'action': 'invocation', 'label': 'end', 'context': [<snowplow_tracker.self_describing_json.SelfDescribingJson object at 0x0000022B32BEEBE0>, <snowplow_tracker.self_describing_json.SelfDescribingJson object at 0x0000022B37751D90>, <snowplow_tracker.self_describing_json.SelfDescribingJson object at 0x0000022B37751DC0>]}
[0m13:01:45.310167 [debug] [MainThread]: Flushing usage events
[0m13:01:45.764109 [debug] [MainThread]: Connection 'debug' was properly closed.


============================== 2023-01-26 13:14:43.608536 | 3ba2c3f6-0198-4e9b-be52-2547ddd49654 ==============================
[0m13:14:43.608536 [info ] [MainThread]: Running with dbt=1.3.2
[0m13:14:43.609534 [debug] [MainThread]: running dbt with arguments {'write_json': True, 'use_colors': True, 'printer_width': 80, 'version_check': True, 'partial_parse': True, 'static_parser': True, 'profiles_dir': 'C:\\Users\\Samy\\.dbt', 'send_anonymous_usage_stats': True, 'event_buffer_size': 100000, 'quiet': False, 'no_print': False, 'cache_selected_only': False, 'project_dir': 'C:\\Users\\Samy\\PyCharm\\dbt-gcp\\analytics', 'config_dir': False, 'which': 'debug', 'indirect_selection': 'eager'}
[0m13:14:43.609534 [debug] [MainThread]: Tracking: tracking
[0m13:14:43.609534 [debug] [MainThread]: Sending event: {'category': 'dbt', 'action': 'invocation', 'label': 'start', 'context': [<snowplow_tracker.self_describing_json.SelfDescribingJson object at 0x0000023E726EE790>, <snowplow_tracker.self_describing_json.SelfDescribingJson object at 0x0000023E726EE970>, <snowplow_tracker.self_describing_json.SelfDescribingJson object at 0x0000023E726EE850>]}
[0m13:14:44.126387 [debug] [MainThread]: Executing "git --help"
[0m13:14:44.171685 [debug] [MainThread]: STDOUT: "b"usage: git [-v | --version] [-h | --help] [-C <path>] [-c <name>=<value>]\n           [--exec-path[=<path>]] [--html-path] [--man-path] [--info-path]\n           [-p | --paginate | -P | --no-pager] [--no-replace-objects] [--bare]\n           [--git-dir=<path>] [--work-tree=<path>] [--namespace=<name>]\n           [--super-prefix=<path>] [--config-env=<name>=<envvar>]\n           <command> [<args>]\n\nThese are common Git commands used in various situations:\n\nstart a working area (see also: git help tutorial)\n   clone     Clone a repository into a new directory\n   init      Create an empty Git repository or reinitialize an existing one\n\nwork on the current change (see also: git help everyday)\n   add       Add file contents to the index\n   mv        Move or rename a file, a directory, or a symlink\n   restore   Restore working tree files\n   rm        Remove files from the working tree and from the index\n\nexamine the history and state (see also: git help revisions)\n   bisect    Use binary search to find the commit that introduced a bug\n   diff      Show changes between commits, commit and working tree, etc\n   grep      Print lines matching a pattern\n   log       Show commit logs\n   show      Show various types of objects\n   status    Show the working tree status\n\ngrow, mark and tweak your common history\n   branch    List, create, or delete branches\n   commit    Record changes to the repository\n   merge     Join two or more development histories together\n   rebase    Reapply commits on top of another base tip\n   reset     Reset current HEAD to the specified state\n   switch    Switch branches\n   tag       Create, list, delete or verify a tag object signed with GPG\n\ncollaborate (see also: git help workflows)\n   fetch     Download objects and refs from another repository\n   pull      Fetch from and integrate with another repository or a local branch\n   push      Update remote refs along with associated objects\n\n'git help -a' and 'git help -g' list available subcommands and some\nconcept guides. See 'git help <command>' or 'git help <concept>'\nto read about a specific subcommand or concept.\nSee 'git help git' for an overview of the system.\n""
[0m13:14:44.171685 [debug] [MainThread]: STDERR: "b''"
[0m13:14:44.176621 [debug] [MainThread]: Acquiring new bigquery connection "debug"
[0m13:14:44.176621 [debug] [MainThread]: Opening a new connection, currently in state init
[0m13:14:44.178646 [debug] [MainThread]: On debug: select 1 as id
[0m13:14:45.176040 [debug] [MainThread]: BigQuery adapter: https://console.cloud.google.com/bigquery?project=gcp-demo-373915&j=bq:bc79a32d-d3ab-4edc-88de-a6827d2215e4:EU&page=queryresults
[0m13:14:45.178038 [debug] [MainThread]: Sending event: {'category': 'dbt', 'action': 'invocation', 'label': 'end', 'context': [<snowplow_tracker.self_describing_json.SelfDescribingJson object at 0x0000023E7339C580>, <snowplow_tracker.self_describing_json.SelfDescribingJson object at 0x0000023E7339C8E0>, <snowplow_tracker.self_describing_json.SelfDescribingJson object at 0x0000023E7339CB20>]}
[0m13:14:45.178038 [debug] [MainThread]: Flushing usage events
[0m13:14:46.204984 [debug] [MainThread]: Connection 'debug' was properly closed.


============================== 2023-01-26 13:23:08.007181 | a716be3a-9c27-4ab0-b8f8-2432ba6a59d1 ==============================
[0m13:23:08.007181 [info ] [MainThread]: Running with dbt=1.3.2
[0m13:23:08.008637 [debug] [MainThread]: running dbt with arguments {'write_json': True, 'use_colors': True, 'printer_width': 80, 'version_check': True, 'partial_parse': True, 'static_parser': True, 'profiles_dir': 'C:\\Users\\Samy\\PyCharm\\dbt-gcp\\analytics', 'send_anonymous_usage_stats': True, 'event_buffer_size': 100000, 'quiet': False, 'no_print': False, 'cache_selected_only': False, 'project_dir': 'C:\\Users\\Samy\\PyCharm\\dbt-gcp\\analytics', 'config_dir': False, 'which': 'debug', 'indirect_selection': 'eager'}
[0m13:23:08.008637 [debug] [MainThread]: Tracking: tracking
[0m13:23:08.008637 [debug] [MainThread]: Sending event: {'category': 'dbt', 'action': 'invocation', 'label': 'start', 'context': [<snowplow_tracker.self_describing_json.SelfDescribingJson object at 0x0000023B35C13430>, <snowplow_tracker.self_describing_json.SelfDescribingJson object at 0x0000023B35C130A0>, <snowplow_tracker.self_describing_json.SelfDescribingJson object at 0x0000023B35C132E0>]}
[0m13:23:08.015803 [debug] [MainThread]: Sending event: {'category': 'dbt', 'action': 'invocation', 'label': 'end', 'context': [<snowplow_tracker.self_describing_json.SelfDescribingJson object at 0x0000023B35C24CA0>, <snowplow_tracker.self_describing_json.SelfDescribingJson object at 0x0000023B35C24580>, <snowplow_tracker.self_describing_json.SelfDescribingJson object at 0x0000023B35C245B0>]}
[0m13:23:08.016801 [debug] [MainThread]: Flushing usage events
[0m13:23:08.428316 [error] [MainThread]: Encountered an error:
Runtime Error
  
  dbt encountered an error while trying to read your profiles.yml file.
  
  Runtime Error
    Syntax error near line 30
    ------------------------------
    27 |   threads: 4
    28 |   timeout_seconds: 300
    29 | project: "{{  env_var('GCP_PROJECT_APP')  }}"
    30 |   scopes:
    31 |     - https://www.googleapis.com/auth/bigquery
    32 |   maximum_bytes_billed: 10000000000
    
    Raw Error:
    ------------------------------
    while parsing a block mapping
      in "<unicode string>", line 1, column 1
    did not find expected key
      in "<unicode string>", line 30, column 3
  


============================== 2023-01-26 13:27:02.000221 | b1c68337-d800-41a7-b071-8788bbd1f979 ==============================
[0m13:27:02.000221 [info ] [MainThread]: Running with dbt=1.3.2
[0m13:27:02.001170 [debug] [MainThread]: running dbt with arguments {'write_json': True, 'use_colors': True, 'printer_width': 80, 'version_check': True, 'partial_parse': True, 'static_parser': True, 'profiles_dir': 'C:\\Users\\Samy\\PyCharm\\dbt-gcp\\analytics', 'send_anonymous_usage_stats': True, 'fail_fast': True, 'event_buffer_size': 100000, 'quiet': False, 'no_print': False, 'cache_selected_only': False, 'project_dir': 'C:\\Users\\Samy\\PyCharm\\dbt-gcp\\analytics', 'config_dir': False, 'which': 'debug', 'indirect_selection': 'eager'}
[0m13:27:02.001170 [debug] [MainThread]: Tracking: tracking
[0m13:27:02.002168 [debug] [MainThread]: Sending event: {'category': 'dbt', 'action': 'invocation', 'label': 'start', 'context': [<snowplow_tracker.self_describing_json.SelfDescribingJson object at 0x000001C06760E2B0>, <snowplow_tracker.self_describing_json.SelfDescribingJson object at 0x000001C06760E820>, <snowplow_tracker.self_describing_json.SelfDescribingJson object at 0x000001C06760E700>]}
[0m13:27:02.045055 [debug] [MainThread]: Executing "git --help"
[0m13:27:02.087940 [debug] [MainThread]: STDOUT: "b"usage: git [-v | --version] [-h | --help] [-C <path>] [-c <name>=<value>]\n           [--exec-path[=<path>]] [--html-path] [--man-path] [--info-path]\n           [-p | --paginate | -P | --no-pager] [--no-replace-objects] [--bare]\n           [--git-dir=<path>] [--work-tree=<path>] [--namespace=<name>]\n           [--super-prefix=<path>] [--config-env=<name>=<envvar>]\n           <command> [<args>]\n\nThese are common Git commands used in various situations:\n\nstart a working area (see also: git help tutorial)\n   clone     Clone a repository into a new directory\n   init      Create an empty Git repository or reinitialize an existing one\n\nwork on the current change (see also: git help everyday)\n   add       Add file contents to the index\n   mv        Move or rename a file, a directory, or a symlink\n   restore   Restore working tree files\n   rm        Remove files from the working tree and from the index\n\nexamine the history and state (see also: git help revisions)\n   bisect    Use binary search to find the commit that introduced a bug\n   diff      Show changes between commits, commit and working tree, etc\n   grep      Print lines matching a pattern\n   log       Show commit logs\n   show      Show various types of objects\n   status    Show the working tree status\n\ngrow, mark and tweak your common history\n   branch    List, create, or delete branches\n   commit    Record changes to the repository\n   merge     Join two or more development histories together\n   rebase    Reapply commits on top of another base tip\n   reset     Reset current HEAD to the specified state\n   switch    Switch branches\n   tag       Create, list, delete or verify a tag object signed with GPG\n\ncollaborate (see also: git help workflows)\n   fetch     Download objects and refs from another repository\n   pull      Fetch from and integrate with another repository or a local branch\n   push      Update remote refs along with associated objects\n\n'git help -a' and 'git help -g' list available subcommands and some\nconcept guides. See 'git help <command>' or 'git help <concept>'\nto read about a specific subcommand or concept.\nSee 'git help git' for an overview of the system.\n""
[0m13:27:02.087940 [debug] [MainThread]: STDERR: "b''"
[0m13:27:02.090079 [debug] [MainThread]: Sending event: {'category': 'dbt', 'action': 'invocation', 'label': 'end', 'context': [<snowplow_tracker.self_describing_json.SelfDescribingJson object at 0x000001C067681760>, <snowplow_tracker.self_describing_json.SelfDescribingJson object at 0x000001C0676811C0>, <snowplow_tracker.self_describing_json.SelfDescribingJson object at 0x000001C067681460>]}
[0m13:27:02.091080 [debug] [MainThread]: Flushing usage events


============================== 2023-01-26 13:28:21.318911 | 8efde7a7-cc94-4870-97d7-d9f5625d49b3 ==============================
[0m13:28:21.318911 [info ] [MainThread]: Running with dbt=1.3.2
[0m13:28:21.319905 [debug] [MainThread]: running dbt with arguments {'write_json': True, 'use_colors': True, 'printer_width': 80, 'version_check': True, 'partial_parse': True, 'static_parser': True, 'profiles_dir': 'C:\\Users\\Samy\\PyCharm\\dbt-gcp\\analytics', 'send_anonymous_usage_stats': True, 'fail_fast': True, 'event_buffer_size': 100000, 'quiet': False, 'no_print': False, 'cache_selected_only': False, 'project_dir': 'C:\\Users\\Samy\\PyCharm\\dbt-gcp\\analytics', 'config_dir': False, 'which': 'debug', 'indirect_selection': 'eager'}
[0m13:28:21.319905 [debug] [MainThread]: Tracking: tracking
[0m13:28:21.319905 [debug] [MainThread]: Sending event: {'category': 'dbt', 'action': 'invocation', 'label': 'start', 'context': [<snowplow_tracker.self_describing_json.SelfDescribingJson object at 0x000001D503B1E220>, <snowplow_tracker.self_describing_json.SelfDescribingJson object at 0x000001D503B1E790>, <snowplow_tracker.self_describing_json.SelfDescribingJson object at 0x000001D503B1E910>]}
[0m13:28:21.846829 [debug] [MainThread]: Executing "git --help"
[0m13:28:21.885486 [debug] [MainThread]: STDOUT: "b"usage: git [-v | --version] [-h | --help] [-C <path>] [-c <name>=<value>]\n           [--exec-path[=<path>]] [--html-path] [--man-path] [--info-path]\n           [-p | --paginate | -P | --no-pager] [--no-replace-objects] [--bare]\n           [--git-dir=<path>] [--work-tree=<path>] [--namespace=<name>]\n           [--super-prefix=<path>] [--config-env=<name>=<envvar>]\n           <command> [<args>]\n\nThese are common Git commands used in various situations:\n\nstart a working area (see also: git help tutorial)\n   clone     Clone a repository into a new directory\n   init      Create an empty Git repository or reinitialize an existing one\n\nwork on the current change (see also: git help everyday)\n   add       Add file contents to the index\n   mv        Move or rename a file, a directory, or a symlink\n   restore   Restore working tree files\n   rm        Remove files from the working tree and from the index\n\nexamine the history and state (see also: git help revisions)\n   bisect    Use binary search to find the commit that introduced a bug\n   diff      Show changes between commits, commit and working tree, etc\n   grep      Print lines matching a pattern\n   log       Show commit logs\n   show      Show various types of objects\n   status    Show the working tree status\n\ngrow, mark and tweak your common history\n   branch    List, create, or delete branches\n   commit    Record changes to the repository\n   merge     Join two or more development histories together\n   rebase    Reapply commits on top of another base tip\n   reset     Reset current HEAD to the specified state\n   switch    Switch branches\n   tag       Create, list, delete or verify a tag object signed with GPG\n\ncollaborate (see also: git help workflows)\n   fetch     Download objects and refs from another repository\n   pull      Fetch from and integrate with another repository or a local branch\n   push      Update remote refs along with associated objects\n\n'git help -a' and 'git help -g' list available subcommands and some\nconcept guides. See 'git help <command>' or 'git help <concept>'\nto read about a specific subcommand or concept.\nSee 'git help git' for an overview of the system.\n""
[0m13:28:21.885486 [debug] [MainThread]: STDERR: "b''"
[0m13:28:21.890247 [debug] [MainThread]: Acquiring new bigquery connection "debug"
[0m13:28:21.891248 [debug] [MainThread]: Opening a new connection, currently in state init
[0m13:28:30.924298 [debug] [MainThread]: BigQuery adapter: Got an error when attempting to create a bigquery client: 'Runtime Error
  
  dbt encountered an error while trying to read your profiles.yml file.
  
  Could not automatically determine credentials. Please set GOOGLE_APPLICATION_CREDENTIALS or explicitly create credentials and re-run the application. For more information, please see https://cloud.google.com/docs/authentication/getting-started
  '
[0m13:28:30.930347 [debug] [MainThread]: Sending event: {'category': 'dbt', 'action': 'invocation', 'label': 'end', 'context': [<snowplow_tracker.self_describing_json.SelfDescribingJson object at 0x000001D5047C1520>, <snowplow_tracker.self_describing_json.SelfDescribingJson object at 0x000001D5047CCD60>, <snowplow_tracker.self_describing_json.SelfDescribingJson object at 0x000001D5047CCDC0>]}
[0m13:28:30.931347 [debug] [MainThread]: Flushing usage events
[0m13:28:31.383621 [debug] [MainThread]: Connection 'debug' was properly closed.


============================== 2023-01-26 13:44:39.832246 | 167e62eb-c4c4-49b4-9cdf-72825353baca ==============================
[0m13:44:39.832246 [info ] [MainThread]: Running with dbt=1.3.2
[0m13:44:39.833220 [debug] [MainThread]: running dbt with arguments {'write_json': True, 'use_colors': True, 'printer_width': 80, 'version_check': True, 'partial_parse': True, 'static_parser': True, 'profiles_dir': 'C:\\Users\\Samy\\PyCharm\\dbt-gcp\\analytics', 'send_anonymous_usage_stats': True, 'fail_fast': True, 'event_buffer_size': 100000, 'quiet': False, 'no_print': False, 'cache_selected_only': False, 'project_dir': 'C:\\Users\\Samy\\PyCharm\\dbt-gcp\\analytics', 'config_dir': False, 'which': 'debug', 'indirect_selection': 'eager'}
[0m13:44:39.833220 [debug] [MainThread]: Tracking: tracking
[0m13:44:39.833220 [debug] [MainThread]: Sending event: {'category': 'dbt', 'action': 'invocation', 'label': 'start', 'context': [<snowplow_tracker.self_describing_json.SelfDescribingJson object at 0x00000263C20FE7F0>, <snowplow_tracker.self_describing_json.SelfDescribingJson object at 0x00000263C20FE880>, <snowplow_tracker.self_describing_json.SelfDescribingJson object at 0x00000263C20FE8B0>]}
[0m13:44:40.333408 [debug] [MainThread]: Executing "git --help"
[0m13:44:40.374299 [debug] [MainThread]: STDOUT: "b"usage: git [-v | --version] [-h | --help] [-C <path>] [-c <name>=<value>]\n           [--exec-path[=<path>]] [--html-path] [--man-path] [--info-path]\n           [-p | --paginate | -P | --no-pager] [--no-replace-objects] [--bare]\n           [--git-dir=<path>] [--work-tree=<path>] [--namespace=<name>]\n           [--super-prefix=<path>] [--config-env=<name>=<envvar>]\n           <command> [<args>]\n\nThese are common Git commands used in various situations:\n\nstart a working area (see also: git help tutorial)\n   clone     Clone a repository into a new directory\n   init      Create an empty Git repository or reinitialize an existing one\n\nwork on the current change (see also: git help everyday)\n   add       Add file contents to the index\n   mv        Move or rename a file, a directory, or a symlink\n   restore   Restore working tree files\n   rm        Remove files from the working tree and from the index\n\nexamine the history and state (see also: git help revisions)\n   bisect    Use binary search to find the commit that introduced a bug\n   diff      Show changes between commits, commit and working tree, etc\n   grep      Print lines matching a pattern\n   log       Show commit logs\n   show      Show various types of objects\n   status    Show the working tree status\n\ngrow, mark and tweak your common history\n   branch    List, create, or delete branches\n   commit    Record changes to the repository\n   merge     Join two or more development histories together\n   rebase    Reapply commits on top of another base tip\n   reset     Reset current HEAD to the specified state\n   switch    Switch branches\n   tag       Create, list, delete or verify a tag object signed with GPG\n\ncollaborate (see also: git help workflows)\n   fetch     Download objects and refs from another repository\n   pull      Fetch from and integrate with another repository or a local branch\n   push      Update remote refs along with associated objects\n\n'git help -a' and 'git help -g' list available subcommands and some\nconcept guides. See 'git help <command>' or 'git help <concept>'\nto read about a specific subcommand or concept.\nSee 'git help git' for an overview of the system.\n""
[0m13:44:40.375296 [debug] [MainThread]: STDERR: "b''"
[0m13:44:40.379298 [debug] [MainThread]: Acquiring new bigquery connection "debug"
[0m13:44:40.379298 [debug] [MainThread]: Opening a new connection, currently in state init
[0m13:44:40.381316 [debug] [MainThread]: On debug: select 1 as id
[0m13:44:40.621196 [debug] [MainThread]: Sending event: {'category': 'dbt', 'action': 'invocation', 'label': 'end', 'context': [<snowplow_tracker.self_describing_json.SelfDescribingJson object at 0x00000263C2D93A90>, <snowplow_tracker.self_describing_json.SelfDescribingJson object at 0x00000263C2DACEE0>, <snowplow_tracker.self_describing_json.SelfDescribingJson object at 0x00000263C2DACF70>]}
[0m13:44:40.621196 [debug] [MainThread]: Flushing usage events
[0m13:44:41.051401 [debug] [MainThread]: Connection 'debug' was properly closed.


============================== 2023-01-26 13:50:52.452992 | b7a4e328-437a-447a-94a8-bcf7c8865ff7 ==============================
[0m13:50:52.452992 [info ] [MainThread]: Running with dbt=1.3.2
[0m13:50:52.453990 [debug] [MainThread]: running dbt with arguments {'write_json': True, 'use_colors': True, 'printer_width': 80, 'version_check': True, 'partial_parse': True, 'static_parser': True, 'profiles_dir': 'C:\\Users\\Samy\\PyCharm\\dbt-gcp\\analytics', 'send_anonymous_usage_stats': True, 'fail_fast': True, 'event_buffer_size': 100000, 'quiet': False, 'no_print': False, 'cache_selected_only': False, 'project_dir': 'C:\\Users\\Samy\\PyCharm\\dbt-gcp\\analytics', 'config_dir': False, 'which': 'debug', 'indirect_selection': 'eager'}
[0m13:50:52.453990 [debug] [MainThread]: Tracking: tracking
[0m13:50:52.453990 [debug] [MainThread]: Sending event: {'category': 'dbt', 'action': 'invocation', 'label': 'start', 'context': [<snowplow_tracker.self_describing_json.SelfDescribingJson object at 0x0000026E5800E220>, <snowplow_tracker.self_describing_json.SelfDescribingJson object at 0x0000026E5800E790>, <snowplow_tracker.self_describing_json.SelfDescribingJson object at 0x0000026E5800E910>]}
[0m13:50:52.964992 [debug] [MainThread]: Executing "git --help"
[0m13:50:53.003888 [debug] [MainThread]: STDOUT: "b"usage: git [-v | --version] [-h | --help] [-C <path>] [-c <name>=<value>]\n           [--exec-path[=<path>]] [--html-path] [--man-path] [--info-path]\n           [-p | --paginate | -P | --no-pager] [--no-replace-objects] [--bare]\n           [--git-dir=<path>] [--work-tree=<path>] [--namespace=<name>]\n           [--super-prefix=<path>] [--config-env=<name>=<envvar>]\n           <command> [<args>]\n\nThese are common Git commands used in various situations:\n\nstart a working area (see also: git help tutorial)\n   clone     Clone a repository into a new directory\n   init      Create an empty Git repository or reinitialize an existing one\n\nwork on the current change (see also: git help everyday)\n   add       Add file contents to the index\n   mv        Move or rename a file, a directory, or a symlink\n   restore   Restore working tree files\n   rm        Remove files from the working tree and from the index\n\nexamine the history and state (see also: git help revisions)\n   bisect    Use binary search to find the commit that introduced a bug\n   diff      Show changes between commits, commit and working tree, etc\n   grep      Print lines matching a pattern\n   log       Show commit logs\n   show      Show various types of objects\n   status    Show the working tree status\n\ngrow, mark and tweak your common history\n   branch    List, create, or delete branches\n   commit    Record changes to the repository\n   merge     Join two or more development histories together\n   rebase    Reapply commits on top of another base tip\n   reset     Reset current HEAD to the specified state\n   switch    Switch branches\n   tag       Create, list, delete or verify a tag object signed with GPG\n\ncollaborate (see also: git help workflows)\n   fetch     Download objects and refs from another repository\n   pull      Fetch from and integrate with another repository or a local branch\n   push      Update remote refs along with associated objects\n\n'git help -a' and 'git help -g' list available subcommands and some\nconcept guides. See 'git help <command>' or 'git help <concept>'\nto read about a specific subcommand or concept.\nSee 'git help git' for an overview of the system.\n""
[0m13:50:53.004896 [debug] [MainThread]: STDERR: "b''"
[0m13:50:53.011443 [debug] [MainThread]: Acquiring new bigquery connection "debug"
[0m13:50:53.011443 [debug] [MainThread]: Opening a new connection, currently in state init
[0m13:50:53.012473 [debug] [MainThread]: On debug: select 1 as id
[0m13:50:54.028455 [debug] [MainThread]: BigQuery adapter: https://console.cloud.google.com/bigquery?project=gcp-demo-373915&j=bq:fe9cc296-cb8d-4114-969f-23379f2b2f99:EU&page=queryresults
[0m13:50:54.031420 [debug] [MainThread]: Sending event: {'category': 'dbt', 'action': 'invocation', 'label': 'end', 'context': [<snowplow_tracker.self_describing_json.SelfDescribingJson object at 0x0000026E58CA5C40>, <snowplow_tracker.self_describing_json.SelfDescribingJson object at 0x0000026E58CAC4C0>, <snowplow_tracker.self_describing_json.SelfDescribingJson object at 0x0000026E58CAC1F0>]}
[0m13:50:54.031420 [debug] [MainThread]: Flushing usage events
[0m13:50:54.460746 [debug] [MainThread]: Connection 'debug' was properly closed.


============================== 2023-01-26 14:04:41.179507 | b6ab84d7-dab3-422d-912d-61322919a74f ==============================
[0m14:04:41.179507 [info ] [MainThread]: Running with dbt=1.3.2
[0m14:04:41.180416 [debug] [MainThread]: running dbt with arguments {'write_json': True, 'use_colors': True, 'printer_width': 80, 'version_check': True, 'partial_parse': True, 'static_parser': True, 'profiles_dir': 'C:\\Users\\Samy\\PyCharm\\dbt-gcp\\analytics', 'send_anonymous_usage_stats': True, 'fail_fast': True, 'event_buffer_size': 100000, 'quiet': False, 'no_print': False, 'cache_selected_only': False, 'project_dir': 'C:\\Users\\Samy\\PyCharm\\dbt-gcp\\analytics', 'config_dir': False, 'which': 'debug', 'indirect_selection': 'eager'}
[0m14:04:41.180416 [debug] [MainThread]: Tracking: tracking
[0m14:04:41.180416 [debug] [MainThread]: Sending event: {'category': 'dbt', 'action': 'invocation', 'label': 'start', 'context': [<snowplow_tracker.self_describing_json.SelfDescribingJson object at 0x00000272AE6EE820>, <snowplow_tracker.self_describing_json.SelfDescribingJson object at 0x00000272AE6EE8B0>, <snowplow_tracker.self_describing_json.SelfDescribingJson object at 0x00000272AE6EE8E0>]}
[0m14:04:41.681634 [debug] [MainThread]: Executing "git --help"
[0m14:04:41.721529 [debug] [MainThread]: STDOUT: "b"usage: git [-v | --version] [-h | --help] [-C <path>] [-c <name>=<value>]\n           [--exec-path[=<path>]] [--html-path] [--man-path] [--info-path]\n           [-p | --paginate | -P | --no-pager] [--no-replace-objects] [--bare]\n           [--git-dir=<path>] [--work-tree=<path>] [--namespace=<name>]\n           [--super-prefix=<path>] [--config-env=<name>=<envvar>]\n           <command> [<args>]\n\nThese are common Git commands used in various situations:\n\nstart a working area (see also: git help tutorial)\n   clone     Clone a repository into a new directory\n   init      Create an empty Git repository or reinitialize an existing one\n\nwork on the current change (see also: git help everyday)\n   add       Add file contents to the index\n   mv        Move or rename a file, a directory, or a symlink\n   restore   Restore working tree files\n   rm        Remove files from the working tree and from the index\n\nexamine the history and state (see also: git help revisions)\n   bisect    Use binary search to find the commit that introduced a bug\n   diff      Show changes between commits, commit and working tree, etc\n   grep      Print lines matching a pattern\n   log       Show commit logs\n   show      Show various types of objects\n   status    Show the working tree status\n\ngrow, mark and tweak your common history\n   branch    List, create, or delete branches\n   commit    Record changes to the repository\n   merge     Join two or more development histories together\n   rebase    Reapply commits on top of another base tip\n   reset     Reset current HEAD to the specified state\n   switch    Switch branches\n   tag       Create, list, delete or verify a tag object signed with GPG\n\ncollaborate (see also: git help workflows)\n   fetch     Download objects and refs from another repository\n   pull      Fetch from and integrate with another repository or a local branch\n   push      Update remote refs along with associated objects\n\n'git help -a' and 'git help -g' list available subcommands and some\nconcept guides. See 'git help <command>' or 'git help <concept>'\nto read about a specific subcommand or concept.\nSee 'git help git' for an overview of the system.\n""
[0m14:04:41.721529 [debug] [MainThread]: STDERR: "b''"
[0m14:04:41.726514 [debug] [MainThread]: Acquiring new bigquery connection "debug"
[0m14:04:41.726514 [debug] [MainThread]: Opening a new connection, currently in state init
[0m14:04:41.728510 [debug] [MainThread]: On debug: select 1 as id
[0m14:04:42.837813 [debug] [MainThread]: BigQuery adapter: https://console.cloud.google.com/bigquery?project=gcp-demo-373915&j=bq:fd07425a-b6b4-4a22-ac6e-08640b37a524:EU&page=queryresults
[0m14:04:42.841398 [debug] [MainThread]: Sending event: {'category': 'dbt', 'action': 'invocation', 'label': 'end', 'context': [<snowplow_tracker.self_describing_json.SelfDescribingJson object at 0x00000272AF386A90>, <snowplow_tracker.self_describing_json.SelfDescribingJson object at 0x00000272AF36BFD0>, <snowplow_tracker.self_describing_json.SelfDescribingJson object at 0x00000272AF39A070>]}
[0m14:04:42.842444 [debug] [MainThread]: Flushing usage events
[0m14:04:43.290609 [debug] [MainThread]: Connection 'debug' was properly closed.


============================== 2023-01-26 15:12:00.326408 | c71c9f25-f2b8-4bdb-b341-2dc40e4843a8 ==============================
[0m15:12:00.326408 [info ] [MainThread]: Running with dbt=1.3.2
[0m15:12:00.327546 [debug] [MainThread]: running dbt with arguments {'write_json': True, 'use_colors': True, 'printer_width': 80, 'version_check': True, 'partial_parse': True, 'static_parser': True, 'profiles_dir': 'C:\\Users\\Samy\\PyCharm\\dbt-gcp\\analytics', 'send_anonymous_usage_stats': True, 'fail_fast': True, 'event_buffer_size': 100000, 'quiet': False, 'no_print': False, 'cache_selected_only': False, 'project_dir': 'C:\\Users\\Samy\\PyCharm\\dbt-gcp\\analytics', 'config_dir': False, 'which': 'debug', 'indirect_selection': 'eager'}
[0m15:12:00.327546 [debug] [MainThread]: Tracking: tracking
[0m15:12:00.327546 [debug] [MainThread]: Sending event: {'category': 'dbt', 'action': 'invocation', 'label': 'start', 'context': [<snowplow_tracker.self_describing_json.SelfDescribingJson object at 0x000001A8B5AEE7F0>, <snowplow_tracker.self_describing_json.SelfDescribingJson object at 0x000001A8B5AEE880>, <snowplow_tracker.self_describing_json.SelfDescribingJson object at 0x000001A8B5AEE8B0>]}
[0m15:12:01.090864 [debug] [MainThread]: Executing "git --help"
[0m15:12:01.133755 [debug] [MainThread]: STDOUT: "b"usage: git [-v | --version] [-h | --help] [-C <path>] [-c <name>=<value>]\n           [--exec-path[=<path>]] [--html-path] [--man-path] [--info-path]\n           [-p | --paginate | -P | --no-pager] [--no-replace-objects] [--bare]\n           [--git-dir=<path>] [--work-tree=<path>] [--namespace=<name>]\n           [--super-prefix=<path>] [--config-env=<name>=<envvar>]\n           <command> [<args>]\n\nThese are common Git commands used in various situations:\n\nstart a working area (see also: git help tutorial)\n   clone     Clone a repository into a new directory\n   init      Create an empty Git repository or reinitialize an existing one\n\nwork on the current change (see also: git help everyday)\n   add       Add file contents to the index\n   mv        Move or rename a file, a directory, or a symlink\n   restore   Restore working tree files\n   rm        Remove files from the working tree and from the index\n\nexamine the history and state (see also: git help revisions)\n   bisect    Use binary search to find the commit that introduced a bug\n   diff      Show changes between commits, commit and working tree, etc\n   grep      Print lines matching a pattern\n   log       Show commit logs\n   show      Show various types of objects\n   status    Show the working tree status\n\ngrow, mark and tweak your common history\n   branch    List, create, or delete branches\n   commit    Record changes to the repository\n   merge     Join two or more development histories together\n   rebase    Reapply commits on top of another base tip\n   reset     Reset current HEAD to the specified state\n   switch    Switch branches\n   tag       Create, list, delete or verify a tag object signed with GPG\n\ncollaborate (see also: git help workflows)\n   fetch     Download objects and refs from another repository\n   pull      Fetch from and integrate with another repository or a local branch\n   push      Update remote refs along with associated objects\n\n'git help -a' and 'git help -g' list available subcommands and some\nconcept guides. See 'git help <command>' or 'git help <concept>'\nto read about a specific subcommand or concept.\nSee 'git help git' for an overview of the system.\n""
[0m15:12:01.133755 [debug] [MainThread]: STDERR: "b''"
[0m15:12:01.139686 [debug] [MainThread]: Acquiring new bigquery connection "debug"
[0m15:12:01.139686 [debug] [MainThread]: Opening a new connection, currently in state init
[0m15:12:01.150386 [debug] [MainThread]: On debug: select 1 as id
[0m15:12:02.181139 [debug] [MainThread]: BigQuery adapter: https://console.cloud.google.com/bigquery?project=gcp-demo-373915&j=bq:5c72163a-16ff-42df-a5a6-c92ae3737af4:EU&page=queryresults
[0m15:12:02.183864 [debug] [MainThread]: Sending event: {'category': 'dbt', 'action': 'invocation', 'label': 'end', 'context': [<snowplow_tracker.self_describing_json.SelfDescribingJson object at 0x000001A8B1C1CC70>, <snowplow_tracker.self_describing_json.SelfDescribingJson object at 0x000001A8B6791BB0>, <snowplow_tracker.self_describing_json.SelfDescribingJson object at 0x000001A8B67917F0>]}
[0m15:12:02.183864 [debug] [MainThread]: Flushing usage events
[0m15:12:03.279993 [debug] [MainThread]: Connection 'debug' was properly closed.


============================== 2023-01-26 15:15:19.485919 | 2be3d634-f929-452a-aeaf-f3c30949ccec ==============================
[0m15:15:19.485919 [info ] [MainThread]: Running with dbt=1.3.2
[0m15:15:19.486874 [debug] [MainThread]: running dbt with arguments {'write_json': True, 'use_colors': True, 'printer_width': 80, 'version_check': True, 'partial_parse': True, 'static_parser': True, 'profiles_dir': 'C:\\Users\\Samy\\PyCharm\\dbt-gcp\\analytics', 'send_anonymous_usage_stats': True, 'fail_fast': True, 'event_buffer_size': 100000, 'quiet': False, 'no_print': False, 'cache_selected_only': False, 'project_dir': 'C:\\Users\\Samy\\PyCharm\\dbt-gcp\\analytics', 'config_dir': False, 'which': 'debug', 'indirect_selection': 'eager'}
[0m15:15:19.486874 [debug] [MainThread]: Tracking: tracking
[0m15:15:19.486874 [debug] [MainThread]: Sending event: {'category': 'dbt', 'action': 'invocation', 'label': 'start', 'context': [<snowplow_tracker.self_describing_json.SelfDescribingJson object at 0x000001E6C007E760>, <snowplow_tracker.self_describing_json.SelfDescribingJson object at 0x000001E6C007E940>, <snowplow_tracker.self_describing_json.SelfDescribingJson object at 0x000001E6C007E820>]}
[0m15:15:19.996512 [debug] [MainThread]: Executing "git --help"
[0m15:15:20.037401 [debug] [MainThread]: STDOUT: "b"usage: git [-v | --version] [-h | --help] [-C <path>] [-c <name>=<value>]\n           [--exec-path[=<path>]] [--html-path] [--man-path] [--info-path]\n           [-p | --paginate | -P | --no-pager] [--no-replace-objects] [--bare]\n           [--git-dir=<path>] [--work-tree=<path>] [--namespace=<name>]\n           [--super-prefix=<path>] [--config-env=<name>=<envvar>]\n           <command> [<args>]\n\nThese are common Git commands used in various situations:\n\nstart a working area (see also: git help tutorial)\n   clone     Clone a repository into a new directory\n   init      Create an empty Git repository or reinitialize an existing one\n\nwork on the current change (see also: git help everyday)\n   add       Add file contents to the index\n   mv        Move or rename a file, a directory, or a symlink\n   restore   Restore working tree files\n   rm        Remove files from the working tree and from the index\n\nexamine the history and state (see also: git help revisions)\n   bisect    Use binary search to find the commit that introduced a bug\n   diff      Show changes between commits, commit and working tree, etc\n   grep      Print lines matching a pattern\n   log       Show commit logs\n   show      Show various types of objects\n   status    Show the working tree status\n\ngrow, mark and tweak your common history\n   branch    List, create, or delete branches\n   commit    Record changes to the repository\n   merge     Join two or more development histories together\n   rebase    Reapply commits on top of another base tip\n   reset     Reset current HEAD to the specified state\n   switch    Switch branches\n   tag       Create, list, delete or verify a tag object signed with GPG\n\ncollaborate (see also: git help workflows)\n   fetch     Download objects and refs from another repository\n   pull      Fetch from and integrate with another repository or a local branch\n   push      Update remote refs along with associated objects\n\n'git help -a' and 'git help -g' list available subcommands and some\nconcept guides. See 'git help <command>' or 'git help <concept>'\nto read about a specific subcommand or concept.\nSee 'git help git' for an overview of the system.\n""
[0m15:15:20.037401 [debug] [MainThread]: STDERR: "b''"
[0m15:15:20.042390 [debug] [MainThread]: Acquiring new bigquery connection "debug"
[0m15:15:20.042390 [debug] [MainThread]: Opening a new connection, currently in state init
[0m15:15:20.044409 [debug] [MainThread]: On debug: select 1 as id
[0m15:15:21.041903 [debug] [MainThread]: BigQuery adapter: https://console.cloud.google.com/bigquery?project=gcp-demo-373915&j=bq:78a6b8c3-fa69-488f-ac55-3341943e84f3:EU&page=queryresults
[0m15:15:21.044905 [debug] [MainThread]: Sending event: {'category': 'dbt', 'action': 'invocation', 'label': 'end', 'context': [<snowplow_tracker.self_describing_json.SelfDescribingJson object at 0x000001E6BC1ACCD0>, <snowplow_tracker.self_describing_json.SelfDescribingJson object at 0x000001E6C0D18E80>, <snowplow_tracker.self_describing_json.SelfDescribingJson object at 0x000001E6C0D18AF0>]}
[0m15:15:21.044905 [debug] [MainThread]: Flushing usage events
[0m15:15:22.871386 [debug] [MainThread]: Connection 'debug' was properly closed.


============================== 2023-01-26 15:17:23.183527 | d424d871-8557-4843-959b-785bb3c9ce3d ==============================
[0m15:17:23.183527 [info ] [MainThread]: Running with dbt=1.3.2
[0m15:17:23.184862 [debug] [MainThread]: running dbt with arguments {'write_json': True, 'use_colors': True, 'printer_width': 80, 'version_check': True, 'partial_parse': True, 'static_parser': True, 'profiles_dir': 'C:\\Users\\Samy\\PyCharm\\dbt-gcp\\analytics', 'send_anonymous_usage_stats': True, 'fail_fast': True, 'event_buffer_size': 100000, 'quiet': False, 'no_print': False, 'cache_selected_only': False, 'project_dir': 'C:\\Users\\Samy\\PyCharm\\dbt-gcp\\analytics', 'config_dir': False, 'which': 'debug', 'indirect_selection': 'eager'}
[0m15:17:23.184862 [debug] [MainThread]: Tracking: tracking
[0m15:17:23.184862 [debug] [MainThread]: Sending event: {'category': 'dbt', 'action': 'invocation', 'label': 'start', 'context': [<snowplow_tracker.self_describing_json.SelfDescribingJson object at 0x000001B941AAE820>, <snowplow_tracker.self_describing_json.SelfDescribingJson object at 0x000001B941AAE8B0>, <snowplow_tracker.self_describing_json.SelfDescribingJson object at 0x000001B941AAE8E0>]}
[0m15:17:23.736531 [debug] [MainThread]: Executing "git --help"
[0m15:17:23.777529 [debug] [MainThread]: STDOUT: "b"usage: git [-v | --version] [-h | --help] [-C <path>] [-c <name>=<value>]\n           [--exec-path[=<path>]] [--html-path] [--man-path] [--info-path]\n           [-p | --paginate | -P | --no-pager] [--no-replace-objects] [--bare]\n           [--git-dir=<path>] [--work-tree=<path>] [--namespace=<name>]\n           [--super-prefix=<path>] [--config-env=<name>=<envvar>]\n           <command> [<args>]\n\nThese are common Git commands used in various situations:\n\nstart a working area (see also: git help tutorial)\n   clone     Clone a repository into a new directory\n   init      Create an empty Git repository or reinitialize an existing one\n\nwork on the current change (see also: git help everyday)\n   add       Add file contents to the index\n   mv        Move or rename a file, a directory, or a symlink\n   restore   Restore working tree files\n   rm        Remove files from the working tree and from the index\n\nexamine the history and state (see also: git help revisions)\n   bisect    Use binary search to find the commit that introduced a bug\n   diff      Show changes between commits, commit and working tree, etc\n   grep      Print lines matching a pattern\n   log       Show commit logs\n   show      Show various types of objects\n   status    Show the working tree status\n\ngrow, mark and tweak your common history\n   branch    List, create, or delete branches\n   commit    Record changes to the repository\n   merge     Join two or more development histories together\n   rebase    Reapply commits on top of another base tip\n   reset     Reset current HEAD to the specified state\n   switch    Switch branches\n   tag       Create, list, delete or verify a tag object signed with GPG\n\ncollaborate (see also: git help workflows)\n   fetch     Download objects and refs from another repository\n   pull      Fetch from and integrate with another repository or a local branch\n   push      Update remote refs along with associated objects\n\n'git help -a' and 'git help -g' list available subcommands and some\nconcept guides. See 'git help <command>' or 'git help <concept>'\nto read about a specific subcommand or concept.\nSee 'git help git' for an overview of the system.\n""
[0m15:17:23.777529 [debug] [MainThread]: STDERR: "b''"
[0m15:17:23.783219 [debug] [MainThread]: Acquiring new bigquery connection "debug"
[0m15:17:23.783219 [debug] [MainThread]: Opening a new connection, currently in state init
[0m15:17:23.784234 [debug] [MainThread]: On debug: select 1 as id
[0m15:17:24.822460 [debug] [MainThread]: BigQuery adapter: https://console.cloud.google.com/bigquery?project=gcp-demo-373915&j=bq:9ed9ff60-62e4-42c6-92ea-1af246a05229:EU&page=queryresults
[0m15:17:24.825555 [debug] [MainThread]: Sending event: {'category': 'dbt', 'action': 'invocation', 'label': 'end', 'context': [<snowplow_tracker.self_describing_json.SelfDescribingJson object at 0x000001B9427503D0>, <snowplow_tracker.self_describing_json.SelfDescribingJson object at 0x000001B94274BD90>, <snowplow_tracker.self_describing_json.SelfDescribingJson object at 0x000001B94274B640>]}
[0m15:17:24.825555 [debug] [MainThread]: Flushing usage events
[0m15:17:25.922208 [debug] [MainThread]: Connection 'debug' was properly closed.


============================== 2023-01-26 19:30:48.226013 | c0a9c9fc-3d98-4043-806d-e5c5e416bab1 ==============================
[0m19:30:48.226013 [info ] [MainThread]: Running with dbt=1.3.2
[0m19:30:48.227015 [debug] [MainThread]: running dbt with arguments {'write_json': True, 'use_colors': True, 'printer_width': 80, 'version_check': True, 'partial_parse': True, 'static_parser': True, 'profiles_dir': 'C:\\Users\\Samy\\PyCharm\\dbt-gcp\\analytics', 'send_anonymous_usage_stats': True, 'fail_fast': True, 'event_buffer_size': 100000, 'quiet': False, 'no_print': False, 'cache_selected_only': False, 'project_dir': 'C:\\Users\\Samy\\PyCharm\\dbt-gcp\\analytics', 'config_dir': False, 'which': 'debug', 'indirect_selection': 'eager'}
[0m19:30:48.227015 [debug] [MainThread]: Tracking: tracking
[0m19:30:48.227015 [debug] [MainThread]: Sending event: {'category': 'dbt', 'action': 'invocation', 'label': 'start', 'context': [<snowplow_tracker.self_describing_json.SelfDescribingJson object at 0x000001BA578BE820>, <snowplow_tracker.self_describing_json.SelfDescribingJson object at 0x000001BA578BE8B0>, <snowplow_tracker.self_describing_json.SelfDescribingJson object at 0x000001BA578BE8E0>]}
[0m19:30:48.680331 [debug] [MainThread]: Executing "git --help"
[0m19:30:48.725240 [debug] [MainThread]: STDOUT: "b"usage: git [-v | --version] [-h | --help] [-C <path>] [-c <name>=<value>]\n           [--exec-path[=<path>]] [--html-path] [--man-path] [--info-path]\n           [-p | --paginate | -P | --no-pager] [--no-replace-objects] [--bare]\n           [--git-dir=<path>] [--work-tree=<path>] [--namespace=<name>]\n           [--super-prefix=<path>] [--config-env=<name>=<envvar>]\n           <command> [<args>]\n\nThese are common Git commands used in various situations:\n\nstart a working area (see also: git help tutorial)\n   clone     Clone a repository into a new directory\n   init      Create an empty Git repository or reinitialize an existing one\n\nwork on the current change (see also: git help everyday)\n   add       Add file contents to the index\n   mv        Move or rename a file, a directory, or a symlink\n   restore   Restore working tree files\n   rm        Remove files from the working tree and from the index\n\nexamine the history and state (see also: git help revisions)\n   bisect    Use binary search to find the commit that introduced a bug\n   diff      Show changes between commits, commit and working tree, etc\n   grep      Print lines matching a pattern\n   log       Show commit logs\n   show      Show various types of objects\n   status    Show the working tree status\n\ngrow, mark and tweak your common history\n   branch    List, create, or delete branches\n   commit    Record changes to the repository\n   merge     Join two or more development histories together\n   rebase    Reapply commits on top of another base tip\n   reset     Reset current HEAD to the specified state\n   switch    Switch branches\n   tag       Create, list, delete or verify a tag object signed with GPG\n\ncollaborate (see also: git help workflows)\n   fetch     Download objects and refs from another repository\n   pull      Fetch from and integrate with another repository or a local branch\n   push      Update remote refs along with associated objects\n\n'git help -a' and 'git help -g' list available subcommands and some\nconcept guides. See 'git help <command>' or 'git help <concept>'\nto read about a specific subcommand or concept.\nSee 'git help git' for an overview of the system.\n""
[0m19:30:48.726238 [debug] [MainThread]: STDERR: "b''"
[0m19:30:48.727357 [debug] [MainThread]: Acquiring new bigquery connection "debug"
[0m19:30:48.727357 [debug] [MainThread]: Opening a new connection, currently in state init
[0m19:30:48.727357 [debug] [MainThread]: On debug: select 1 as id
[0m19:30:49.566568 [debug] [MainThread]: BigQuery adapter: https://console.cloud.google.com/bigquery?project=gcp-demo-373915&j=bq:61084de6-168f-48a8-9c97-4f3042066563:EU&page=queryresults
[0m19:30:49.568902 [debug] [MainThread]: Sending event: {'category': 'dbt', 'action': 'invocation', 'label': 'end', 'context': [<snowplow_tracker.self_describing_json.SelfDescribingJson object at 0x000001BA5856DF10>, <snowplow_tracker.self_describing_json.SelfDescribingJson object at 0x000001BA5857F490>, <snowplow_tracker.self_describing_json.SelfDescribingJson object at 0x000001BA5857F1F0>]}
[0m19:30:49.569897 [debug] [MainThread]: Flushing usage events
[0m19:30:49.970403 [debug] [MainThread]: Connection 'debug' was properly closed.
